Using pre-set license
Built from '2020.3/staging' branch; Version is '2020.3.8f1 (507919d4fff5) revision 5273881'; Using compiler version '192528614'; Build Type 'Release'
OS: 'Windows 10 Pro; OS build 19043.1110; Version 2009; 64bit' Language: 'en' Physical Memory: 16296 MB
BatchMode: 1, IsHumanControllingUs: 0, StartBugReporterOnCrash: 0, Is64bit: 1, IsPro: 0

 COMMAND LINE ARGUMENTS:
D:\Escritorio\Cosas de Juegos Variados\Unity\Proyectos de Unity\2020.3.8f1\Editor\Unity.exe
-adb2
-batchMode
-noUpm
-name
AssetImportWorker0
-projectPath
D:/Escritorio/Cosas de Juegos Variados/Unity/Proyectos de Unity/projectPaka
-logFile
Logs/AssetImportWorker0.log
-srvPort
59048
Successfully changed project path to: D:/Escritorio/Cosas de Juegos Variados/Unity/Proyectos de Unity/projectPaka
D:/Escritorio/Cosas de Juegos Variados/Unity/Proyectos de Unity/projectPaka
Using Asset Import Pipeline V2.
Refreshing native plugins compatible for Editor in 47.65 ms, found 0 plugins.
Preloading 0 native plugins for Editor in 0.00 ms.
Initialize engine version: 2020.3.8f1 (507919d4fff5)
[Subsystems] Discovering subsystems at path D:/Escritorio/Cosas de Juegos Variados/Unity/Proyectos de Unity/2020.3.8f1/Editor/Data/Resources/UnitySubsystems
[Subsystems] Discovering subsystems at path D:/Escritorio/Cosas de Juegos Variados/Unity/Proyectos de Unity/projectPaka/Assets
GfxDevice: creating device client; threaded=0
Direct3D:
    Version:  Direct3D 11.0 [level 11.1]
    Renderer: Radeon RX 580 Series (ID=0x67df)
    Vendor:   
    VRAM:     8171 MB
    Driver:   27.20.22001.14011
Shader 'Universal Render Pipeline/Particles/Lit': fallback shader 'Universal Render Pipeline/Particles/SimpleLit' not found
Initialize mono
Mono path[0] = 'D:/Escritorio/Cosas de Juegos Variados/Unity/Proyectos de Unity/2020.3.8f1/Editor/Data/Managed'
Mono path[1] = 'D:/Escritorio/Cosas de Juegos Variados/Unity/Proyectos de Unity/2020.3.8f1/Editor/Data/MonoBleedingEdge/lib/mono/unityjit'
Mono config path = 'D:/Escritorio/Cosas de Juegos Variados/Unity/Proyectos de Unity/2020.3.8f1/Editor/Data/MonoBleedingEdge/etc'
Using monoOptions --debugger-agent=transport=dt_socket,embedding=1,server=y,suspend=n,address=127.0.0.1:56708
Begin MonoManager ReloadAssembly
Registering precompiled unity dll's ...
Register platform support module: D:/Escritorio/Cosas de Juegos Variados/Unity/Proyectos de Unity/2020.3.8f1/Editor/Data/PlaybackEngines/WebGLSupport/UnityEditor.WebGL.Extensions.dll
Register platform support module: D:/Escritorio/Cosas de Juegos Variados/Unity/Proyectos de Unity/2020.3.8f1/Editor/Data/PlaybackEngines/WindowsStandaloneSupport/UnityEditor.WindowsStandalone.Extensions.dll
Registered in 0.002481 seconds.
Native extension for WindowsStandalone target not found
Native extension for WebGL target not found
Refreshing native plugins compatible for Editor in 54.21 ms, found 0 plugins.
Preloading 0 native plugins for Editor in 0.00 ms.
Mono: successfully reloaded assembly
- Completed reload, in  2.495 seconds
Platform modules already initialized, skipping
Registering precompiled user dll's ...
Registered in 0.001681 seconds.
Begin MonoManager ReloadAssembly
Native extension for WindowsStandalone target not found
Native extension for WebGL target not found
Refreshing native plugins compatible for Editor in 47.61 ms, found 0 plugins.
Preloading 0 native plugins for Editor in 0.00 ms.
Mono: successfully reloaded assembly
- Completed reload, in  1.054 seconds
Platform modules already initialized, skipping
========================================================================
Worker process is ready to serve import requests
Shader 'Universal Render Pipeline/Particles/Lit': fallback shader 'Universal Render Pipeline/Particles/SimpleLit' not found
Launched and connected shader compiler UnityShaderCompiler.exe after 0.05 seconds
Refreshing native plugins compatible for Editor in 0.51 ms, found 0 plugins.
Preloading 0 native plugins for Editor in 0.00 ms.
Unloading 2454 Unused Serialized files (Serialized files now loaded: 0)
System memory in use before: 116.7 MB.
System memory in use after: 116.9 MB.

Unloading 10 unused Assets to reduce memory usage. Loaded Objects now: 2900.
Total: 2.191400 ms (FindLiveObjects: 0.219700 ms CreateObjectMapping: 0.105200 ms MarkObjects: 1.763900 ms  DeleteObjects: 0.101700 ms)

========================================================================
Received Import Request.
  path: Assets/Scenes/In-Game2D.unity
  artifactKey: Guid(ba1cdbbe0051fd441bd01a2f93c22b92) Importer(815301076,1909f56bfc062723c751e8b465ee728b)
Start importing Assets/Scenes/In-Game2D.unity using Guid(ba1cdbbe0051fd441bd01a2f93c22b92) Importer(815301076,1909f56bfc062723c751e8b465ee728b)  -> (artifact id: 'd78a0dd70a7bcafea15d40b3528586ee') in 0.048916 seconds
  Import took 0.052592 seconds .

========================================================================
Received Import Request.
  Time since last request: 7.978014 seconds.
  path: Assets/Scenes/Memoria.unity
  artifactKey: Guid(ba1cdbbe0051fd441bd01a2f93c22b92) Importer(815301076,1909f56bfc062723c751e8b465ee728b)
Start importing Assets/Scenes/Memoria.unity using Guid(ba1cdbbe0051fd441bd01a2f93c22b92) Importer(815301076,1909f56bfc062723c751e8b465ee728b)  -> (artifact id: '9cf357c243089cb984f079a2ae67840a') in 0.002865 seconds
  Import took 0.008022 seconds .

========================================================================
Received Import Request.
  Time since last request: 17.557964 seconds.
  path: Assets/Scenes/Main Menu.unity
  artifactKey: Guid(e9af7a4024f730b4ba1c9990c62c8f20) Importer(815301076,1909f56bfc062723c751e8b465ee728b)
Start importing Assets/Scenes/Main Menu.unity using Guid(e9af7a4024f730b4ba1c9990c62c8f20) Importer(815301076,1909f56bfc062723c751e8b465ee728b)  -> (artifact id: 'fa64a311527a043360e7764866b1d140') in 0.002398 seconds
  Import took 0.006530 seconds .

========================================================================
Received Import Request.
  Time since last request: 64.514718 seconds.
  path: Assets/Scenes/Main Menu.unity
  artifactKey: Guid(e9af7a4024f730b4ba1c9990c62c8f20) Importer(815301076,1909f56bfc062723c751e8b465ee728b)
Start importing Assets/Scenes/Main Menu.unity using Guid(e9af7a4024f730b4ba1c9990c62c8f20) Importer(815301076,1909f56bfc062723c751e8b465ee728b)  -> (artifact id: '1949db3cbe3e905892e61f79f2d94758') in 0.003566 seconds
  Import took 0.007764 seconds .

========================================================================
Received Import Request.
  Time since last request: 296.537450 seconds.
  path: Assets/New Folder
  artifactKey: Guid(6bb59935b62546f428084f217192ab57) Importer(815301076,1909f56bfc062723c751e8b465ee728b)
Start importing Assets/New Folder using Guid(6bb59935b62546f428084f217192ab57) Importer(815301076,1909f56bfc062723c751e8b465ee728b)  -> (artifact id: '30dd808b5f35eb01764363ce465d78f3') in 0.004401 seconds
  Import took 0.016913 seconds .

========================================================================
Received Import Request.
  Time since last request: 5.324257 seconds.
  path: Assets/Fonts
  artifactKey: Guid(6bb59935b62546f428084f217192ab57) Importer(815301076,1909f56bfc062723c751e8b465ee728b)
Start importing Assets/Fonts using Guid(6bb59935b62546f428084f217192ab57) Importer(815301076,1909f56bfc062723c751e8b465ee728b)  -> (artifact id: '4714342ad0f86cf63dcea0f7f30da074') in 0.002086 seconds
  Import took 0.006115 seconds .

========================================================================
Received Import Request.
  Time since last request: 390.438442 seconds.
  path: Assets/Fonts/Rubik-Bold.ttf
  artifactKey: Guid(a11d0edfea6f27c40bd13b81d1ad64f4) Importer(815301076,1909f56bfc062723c751e8b465ee728b)
Start importing Assets/Fonts/Rubik-Bold.ttf using Guid(a11d0edfea6f27c40bd13b81d1ad64f4) Importer(815301076,1909f56bfc062723c751e8b465ee728b)  -> (artifact id: 'bb4deab157b6c925b9b2c3eaa7bfc887') in 0.403589 seconds
  Import took 0.407963 seconds .

========================================================================
Received Import Request.
  Time since last request: 350.453269 seconds.
  path: Assets/Fonts/DK Crayon Crumble.ttf
  artifactKey: Guid(bd03a1009b412ac4dbb2444852862842) Importer(815301076,1909f56bfc062723c751e8b465ee728b)
Start importing Assets/Fonts/DK Crayon Crumble.ttf using Guid(bd03a1009b412ac4dbb2444852862842) Importer(815301076,1909f56bfc062723c751e8b465ee728b)  -> (artifact id: '68ffd62e4139f88be24318380c6afce5') in 0.074277 seconds
  Import took 0.079372 seconds .

========================================================================
Received Import Request.
  Time since last request: 61.595246 seconds.
  path: Assets/Fonts/Cheveuxdange.ttf
  artifactKey: Guid(5f15eeeb3ae32ed44bb0515bf5c8a68f) Importer(815301076,1909f56bfc062723c751e8b465ee728b)
Start importing Assets/Fonts/Cheveuxdange.ttf using Guid(5f15eeeb3ae32ed44bb0515bf5c8a68f) Importer(815301076,1909f56bfc062723c751e8b465ee728b)  -> (artifact id: '6626922645349a1f1cfcb0692341af9d') in 0.021807 seconds
  Import took 0.026993 seconds .

========================================================================
Received Import Request.
  Time since last request: 0.000368 seconds.
  path: Assets/Fonts/whatever it takes bold.ttf
  artifactKey: Guid(25eb085c8ed3bcc4b82ce626e32edad8) Importer(815301076,1909f56bfc062723c751e8b465ee728b)
Start importing Assets/Fonts/whatever it takes bold.ttf using Guid(25eb085c8ed3bcc4b82ce626e32edad8) Importer(815301076,1909f56bfc062723c751e8b465ee728b)  -> (artifact id: 'c37248b1629c702a10f6db32eb7da6a7') in 0.033235 seconds
  Import took 0.037063 seconds .

========================================================================
Received Import Request.
  Time since last request: 0.000276 seconds.
  path: Assets/Fonts/whatever it takes.ttf
  artifactKey: Guid(481b46c45f9cc9049a318b7c9a4a4a5b) Importer(815301076,1909f56bfc062723c751e8b465ee728b)
Start importing Assets/Fonts/whatever it takes.ttf using Guid(481b46c45f9cc9049a318b7c9a4a4a5b) Importer(815301076,1909f56bfc062723c751e8b465ee728b)  -> (artifact id: 'aedcb195ae797a64d4f5267bddf48607') in 0.023059 seconds
  Import took 0.027074 seconds .

========================================================================
Received Prepare
Registering precompiled user dll's ...
Registered in 0.001896 seconds.
Begin MonoManager ReloadAssembly
Native extension for WindowsStandalone target not found
Native extension for WebGL target not found
Refreshing native plugins compatible for Editor in 0.42 ms, found 0 plugins.
Preloading 0 native plugins for Editor in 0.00 ms.
Mono: successfully reloaded assembly
- Completed reload, in  1.082 seconds
Platform modules already initialized, skipping
Shader 'Universal Render Pipeline/Particles/Lit': fallback shader 'Universal Render Pipeline/Particles/SimpleLit' not found
Refreshing native plugins compatible for Editor in 0.39 ms, found 0 plugins.
Preloading 0 native plugins for Editor in 0.00 ms.
Unloading 2345 Unused Serialized files (Serialized files now loaded: 0)
System memory in use before: 115.2 MB.
System memory in use after: 115.4 MB.

Unloading 5 unused Assets to reduce memory usage. Loaded Objects now: 2985.
Total: 2.377000 ms (FindLiveObjects: 0.254700 ms CreateObjectMapping: 0.106800 ms MarkObjects: 1.969800 ms  DeleteObjects: 0.044800 ms)

========================================================================
Received Import Request.
  Time since last request: 184.430512 seconds.
  path: Assets/Scripts/In-Game UI
  artifactKey: Guid(e6f8a4a03a0c57342bd45b69b8e92b6c) Importer(815301076,1909f56bfc062723c751e8b465ee728b)
Start importing Assets/Scripts/In-Game UI using Guid(e6f8a4a03a0c57342bd45b69b8e92b6c) Importer(815301076,1909f56bfc062723c751e8b465ee728b)  -> (artifact id: 'eb03bae62efc9cd6dfe38da5bdd84fab') in 0.005548 seconds
  Import took 0.009667 seconds .

========================================================================
Received Prepare
Registering precompiled user dll's ...
Registered in 0.001577 seconds.
Begin MonoManager ReloadAssembly
Native extension for WindowsStandalone target not found
Native extension for WebGL target not found
Refreshing native plugins compatible for Editor in 0.42 ms, found 0 plugins.
Preloading 0 native plugins for Editor in 0.00 ms.
Mono: successfully reloaded assembly
- Completed reload, in  0.996 seconds
Platform modules already initialized, skipping
Shader 'Universal Render Pipeline/Particles/Lit': fallback shader 'Universal Render Pipeline/Particles/SimpleLit' not found
Refreshing native plugins compatible for Editor in 0.39 ms, found 0 plugins.
Preloading 0 native plugins for Editor in 0.00 ms.
Unloading 2345 Unused Serialized files (Serialized files now loaded: 0)
System memory in use before: 115.3 MB.
System memory in use after: 115.5 MB.

Unloading 5 unused Assets to reduce memory usage. Loaded Objects now: 2988.
Total: 2.260100 ms (FindLiveObjects: 0.242900 ms CreateObjectMapping: 0.111300 ms MarkObjects: 1.886900 ms  DeleteObjects: 0.017800 ms)

========================================================================
Received Import Request.
  Time since last request: 10.886151 seconds.
  path: Assets/Scripts/New Folder
  artifactKey: Guid(a70fcf8641d251b4a9f1265f1fa2cd60) Importer(815301076,1909f56bfc062723c751e8b465ee728b)
Start importing Assets/Scripts/New Folder using Guid(a70fcf8641d251b4a9f1265f1fa2cd60) Importer(815301076,1909f56bfc062723c751e8b465ee728b)  -> (artifact id: 'd9bbee15a9abf7cd9b98d639626d5c9b') in 0.005048 seconds
  Import took 0.011135 seconds .

========================================================================
Received Import Request.
  Time since last request: 10.492096 seconds.
  path: Assets/Scripts/Main Menu
  artifactKey: Guid(a70fcf8641d251b4a9f1265f1fa2cd60) Importer(815301076,1909f56bfc062723c751e8b465ee728b)
Start importing Assets/Scripts/Main Menu using Guid(a70fcf8641d251b4a9f1265f1fa2cd60) Importer(815301076,1909f56bfc062723c751e8b465ee728b)  -> (artifact id: '746d62722ae9e7c6474a148645a177d7') in 0.001998 seconds
  Import took 0.006424 seconds .

========================================================================
Received Import Request.
  Time since last request: 17.354552 seconds.
  path: Assets/Scripts/Main Menu/MainMenu_Manager.cs
  artifactKey: Guid(bf3ba1e0988f88540bf3d1df5555c2c5) Importer(815301076,1909f56bfc062723c751e8b465ee728b)
Start importing Assets/Scripts/Main Menu/MainMenu_Manager.cs using Guid(bf3ba1e0988f88540bf3d1df5555c2c5) Importer(815301076,1909f56bfc062723c751e8b465ee728b)  -> (artifact id: 'c8d9d685deffbb78dcb7c35b3368ba8c') in 0.020911 seconds
  Import took 0.043429 seconds .

========================================================================
Received Prepare
Registering precompiled user dll's ...
Registered in 0.001566 seconds.
Begin MonoManager ReloadAssembly
Native extension for WindowsStandalone target not found
Native extension for WebGL target not found
Refreshing native plugins compatible for Editor in 0.42 ms, found 0 plugins.
Preloading 0 native plugins for Editor in 0.00 ms.
Mono: successfully reloaded assembly
- Completed reload, in  1.010 seconds
Platform modules already initialized, skipping
Shader 'Universal Render Pipeline/Particles/Lit': fallback shader 'Universal Render Pipeline/Particles/SimpleLit' not found
Refreshing native plugins compatible for Editor in 0.39 ms, found 0 plugins.
Preloading 0 native plugins for Editor in 0.00 ms.
Unloading 2346 Unused Serialized files (Serialized files now loaded: 0)
System memory in use before: 115.3 MB.
System memory in use after: 115.5 MB.

Unloading 5 unused Assets to reduce memory usage. Loaded Objects now: 2992.
Total: 2.592200 ms (FindLiveObjects: 0.405600 ms CreateObjectMapping: 0.159800 ms MarkObjects: 1.975200 ms  DeleteObjects: 0.050700 ms)

========================================================================
Received Prepare
Registering precompiled user dll's ...
Registered in 0.001606 seconds.
Begin MonoManager ReloadAssembly
Native extension for WindowsStandalone target not found
Native extension for WebGL target not found
Refreshing native plugins compatible for Editor in 0.69 ms, found 0 plugins.
Preloading 0 native plugins for Editor in 0.00 ms.
Mono: successfully reloaded assembly
- Completed reload, in  1.071 seconds
Platform modules already initialized, skipping
Shader 'Universal Render Pipeline/Particles/Lit': fallback shader 'Universal Render Pipeline/Particles/SimpleLit' not found
Refreshing native plugins compatible for Editor in 0.39 ms, found 0 plugins.
Preloading 0 native plugins for Editor in 0.00 ms.
Unloading 2346 Unused Serialized files (Serialized files now loaded: 0)
System memory in use before: 115.3 MB.
System memory in use after: 115.5 MB.

Unloading 5 unused Assets to reduce memory usage. Loaded Objects now: 2995.
Total: 3.482100 ms (FindLiveObjects: 0.357400 ms CreateObjectMapping: 0.220300 ms MarkObjects: 2.881700 ms  DeleteObjects: 0.021400 ms)

========================================================================
Received Import Request.
  Time since last request: 1129.676195 seconds.
  path: Assets/Scripts/Main Menu/MainMenu_Manager.cs
  artifactKey: Guid(bf3ba1e0988f88540bf3d1df5555c2c5) Importer(815301076,1909f56bfc062723c751e8b465ee728b)
Start importing Assets/Scripts/Main Menu/MainMenu_Manager.cs using Guid(bf3ba1e0988f88540bf3d1df5555c2c5) Importer(815301076,1909f56bfc062723c751e8b465ee728b)  -> (artifact id: '13cd15d77ddfe58108c4d4d2b20afef1') in 0.005455 seconds
  Import took 0.009433 seconds .

========================================================================
Received Import Request.
  Time since last request: 12.948172 seconds.
  path: Assets/Scenes/In-Game.unity
  artifactKey: Guid(9fc0d4010bbf28b4594072e72b8655ab) Importer(815301076,1909f56bfc062723c751e8b465ee728b)
Start importing Assets/Scenes/In-Game.unity using Guid(9fc0d4010bbf28b4594072e72b8655ab) Importer(815301076,1909f56bfc062723c751e8b465ee728b)  -> (artifact id: '8a64c17fe5e4a1c2781cb169b67cf19d') in 0.012770 seconds
  Import took 0.016729 seconds .

========================================================================
Received Prepare
Registering precompiled user dll's ...
Registered in 0.002182 seconds.
Begin MonoManager ReloadAssembly
Native extension for WindowsStandalone target not found
Native extension for WebGL target not found
Refreshing native plugins compatible for Editor in 0.40 ms, found 0 plugins.
Preloading 0 native plugins for Editor in 0.00 ms.
Mono: successfully reloaded assembly
- Completed reload, in  0.968 seconds
Platform modules already initialized, skipping
Shader 'Universal Render Pipeline/Particles/Lit': fallback shader 'Universal Render Pipeline/Particles/SimpleLit' not found
Refreshing native plugins compatible for Editor in 0.39 ms, found 0 plugins.
Preloading 0 native plugins for Editor in 0.00 ms.
Unloading 2346 Unused Serialized files (Serialized files now loaded: 0)
System memory in use before: 115.2 MB.
System memory in use after: 115.5 MB.

Unloading 5 unused Assets to reduce memory usage. Loaded Objects now: 2998.
Total: 2.434900 ms (FindLiveObjects: 0.245000 ms CreateObjectMapping: 0.112300 ms MarkObjects: 2.058400 ms  DeleteObjects: 0.017900 ms)

========================================================================
Received Prepare
Registering precompiled user dll's ...
Registered in 0.001625 seconds.
Begin MonoManager ReloadAssembly
Native extension for WindowsStandalone target not found
Native extension for WebGL target not found
Refreshing native plugins compatible for Editor in 0.47 ms, found 0 plugins.
Preloading 0 native plugins for Editor in 0.00 ms.
Mono: successfully reloaded assembly
- Completed reload, in  0.981 seconds
Platform modules already initialized, skipping
Shader 'Universal Render Pipeline/Particles/Lit': fallback shader 'Universal Render Pipeline/Particles/SimpleLit' not found
Refreshing native plugins compatible for Editor in 0.43 ms, found 0 plugins.
Preloading 0 native plugins for Editor in 0.00 ms.
Unloading 2346 Unused Serialized files (Serialized files now loaded: 0)
System memory in use before: 115.4 MB.
System memory in use after: 115.6 MB.

Unloading 5 unused Assets to reduce memory usage. Loaded Objects now: 3001.
Total: 3.166500 ms (FindLiveObjects: 0.261700 ms CreateObjectMapping: 0.123000 ms MarkObjects: 2.761900 ms  DeleteObjects: 0.018900 ms)

========================================================================
Received Prepare
Registering precompiled user dll's ...
Registered in 0.001929 seconds.
Begin MonoManager ReloadAssembly
Native extension for WindowsStandalone target not found
Native extension for WebGL target not found
Refreshing native plugins compatible for Editor in 0.41 ms, found 0 plugins.
Preloading 0 native plugins for Editor in 0.00 ms.
Mono: successfully reloaded assembly
- Completed reload, in  0.995 seconds
Platform modules already initialized, skipping
Shader 'Universal Render Pipeline/Particles/Lit': fallback shader 'Universal Render Pipeline/Particles/SimpleLit' not found
Refreshing native plugins compatible for Editor in 0.40 ms, found 0 plugins.
Preloading 0 native plugins for Editor in 0.00 ms.
Unloading 2346 Unused Serialized files (Serialized files now loaded: 0)
System memory in use before: 115.4 MB.
System memory in use after: 115.6 MB.

Unloading 5 unused Assets to reduce memory usage. Loaded Objects now: 3004.
Total: 2.369000 ms (FindLiveObjects: 0.253000 ms CreateObjectMapping: 0.114000 ms MarkObjects: 1.960000 ms  DeleteObjects: 0.040900 ms)

========================================================================
Received Prepare
Registering precompiled user dll's ...
Registered in 0.001543 seconds.
Begin MonoManager ReloadAssembly
Native extension for WindowsStandalone target not found
Native extension for WebGL target not found
Refreshing native plugins compatible for Editor in 0.39 ms, found 0 plugins.
Preloading 0 native plugins for Editor in 0.00 ms.
Mono: successfully reloaded assembly
- Completed reload, in  0.989 seconds
Platform modules already initialized, skipping
Shader 'Universal Render Pipeline/Particles/Lit': fallback shader 'Universal Render Pipeline/Particles/SimpleLit' not found
Refreshing native plugins compatible for Editor in 0.38 ms, found 0 plugins.
Preloading 0 native plugins for Editor in 0.00 ms.
Unloading 2346 Unused Serialized files (Serialized files now loaded: 0)
System memory in use before: 115.4 MB.
System memory in use after: 115.6 MB.

Unloading 5 unused Assets to reduce memory usage. Loaded Objects now: 3007.
Total: 2.476800 ms (FindLiveObjects: 0.267000 ms CreateObjectMapping: 0.114400 ms MarkObjects: 2.029200 ms  DeleteObjects: 0.050700 ms)

========================================================================
Received Import Request.
  Time since last request: 366.700994 seconds.
  path: Assets/Scenes/Main Menu.unity
  artifactKey: Guid(e9af7a4024f730b4ba1c9990c62c8f20) Importer(815301076,1909f56bfc062723c751e8b465ee728b)
Start importing Assets/Scenes/Main Menu.unity using Guid(e9af7a4024f730b4ba1c9990c62c8f20) Importer(815301076,1909f56bfc062723c751e8b465ee728b)  -> (artifact id: 'd1dec52d16bc101e8c0ec1e59fdaa632') in 0.016536 seconds
  Import took 0.020593 seconds .

========================================================================
Received Import Request.
  Time since last request: 13.829582 seconds.
  path: Assets/Scenes/In-Game.unity
  artifactKey: Guid(9fc0d4010bbf28b4594072e72b8655ab) Importer(815301076,1909f56bfc062723c751e8b465ee728b)
Start importing Assets/Scenes/In-Game.unity using Guid(9fc0d4010bbf28b4594072e72b8655ab) Importer(815301076,1909f56bfc062723c751e8b465ee728b)  -> (artifact id: 'acc5af22c762ea82016c69a737227025') in 0.004170 seconds
  Import took 0.008655 seconds .

========================================================================
Received Prepare
Registering precompiled user dll's ...
Registered in 0.001549 seconds.
Begin MonoManager ReloadAssembly
Native extension for WindowsStandalone target not found
Native extension for WebGL target not found
Refreshing native plugins compatible for Editor in 0.39 ms, found 0 plugins.
Preloading 0 native plugins for Editor in 0.00 ms.
Mono: successfully reloaded assembly
- Completed reload, in  0.950 seconds
Platform modules already initialized, skipping
Shader 'Universal Render Pipeline/Particles/Lit': fallback shader 'Universal Render Pipeline/Particles/SimpleLit' not found
Refreshing native plugins compatible for Editor in 0.40 ms, found 0 plugins.
Preloading 0 native plugins for Editor in 0.00 ms.
Unloading 2346 Unused Serialized files (Serialized files now loaded: 0)
System memory in use before: 115.4 MB.
System memory in use after: 115.6 MB.

Unloading 5 unused Assets to reduce memory usage. Loaded Objects now: 3010.
Total: 2.270000 ms (FindLiveObjects: 0.240500 ms CreateObjectMapping: 0.107400 ms MarkObjects: 1.901300 ms  DeleteObjects: 0.019700 ms)

========================================================================
Received Prepare
Registering precompiled user dll's ...
Registered in 0.001531 seconds.
Begin MonoManager ReloadAssembly
Native extension for WindowsStandalone target not found
Native extension for WebGL target not found
Refreshing native plugins compatible for Editor in 0.39 ms, found 0 plugins.
Preloading 0 native plugins for Editor in 0.00 ms.
Mono: successfully reloaded assembly
- Completed reload, in  0.960 seconds
Platform modules already initialized, skipping
Shader 'Universal Render Pipeline/Particles/Lit': fallback shader 'Universal Render Pipeline/Particles/SimpleLit' not found
Refreshing native plugins compatible for Editor in 0.41 ms, found 0 plugins.
Preloading 0 native plugins for Editor in 0.00 ms.
Unloading 2346 Unused Serialized files (Serialized files now loaded: 0)
System memory in use before: 115.3 MB.
System memory in use after: 115.5 MB.

Unloading 5 unused Assets to reduce memory usage. Loaded Objects now: 3013.
Total: 2.652200 ms (FindLiveObjects: 0.287000 ms CreateObjectMapping: 0.125600 ms MarkObjects: 2.207800 ms  DeleteObjects: 0.030400 ms)

========================================================================
Received Prepare
Shader 'Universal Render Pipeline/Particles/Lit': fallback shader 'Universal Render Pipeline/Particles/SimpleLit' not found
Refreshing native plugins compatible for Editor in 1.24 ms, found 0 plugins.
Preloading 0 native plugins for Editor in 0.00 ms.
Unloading 3 Unused Serialized files (Serialized files now loaded: 0)
System memory in use before: 68.3 MB.
System memory in use after: 68.5 MB.

Unloading 3 unused Assets to reduce memory usage. Loaded Objects now: 3013.
Total: 2.332800 ms (FindLiveObjects: 0.265500 ms CreateObjectMapping: 0.113500 ms MarkObjects: 1.921500 ms  DeleteObjects: 0.031000 ms)

========================================================================
Received Prepare
Shader 'Universal Render Pipeline/Particles/Lit': fallback shader 'Universal Render Pipeline/Particles/SimpleLit' not found
Refreshing native plugins compatible for Editor in 1.30 ms, found 0 plugins.
Preloading 0 native plugins for Editor in 0.00 ms.
Unloading 3 Unused Serialized files (Serialized files now loaded: 0)
System memory in use before: 68.3 MB.
System memory in use after: 68.5 MB.

Unloading 3 unused Assets to reduce memory usage. Loaded Objects now: 3013.
Total: 4.173600 ms (FindLiveObjects: 0.290400 ms CreateObjectMapping: 0.127400 ms MarkObjects: 3.734800 ms  DeleteObjects: 0.019500 ms)

AssetImportWorkerClient::OnTransportError - code=2 error=End of file
